0 info it worked if it ends with ok
1 verbose cli [
1 verbose cli   '/Users/paulkelly/homebrew/Cellar/node/12.10.0/bin/node',
1 verbose cli   '/usr/local/bin/npm',
1 verbose cli   'run',
1 verbose cli   'dev'
1 verbose cli ]
2 info using npm@3.10.10
3 info using node@v12.10.0
4 verbose run-script [ 'predev', 'dev', 'postdev' ]
5 info lifecycle webpack-playground@1.0.0~predev: webpack-playground@1.0.0
6 silly lifecycle webpack-playground@1.0.0~predev: no script for predev, continuing
7 info lifecycle webpack-playground@1.0.0~dev: webpack-playground@1.0.0
8 verbose lifecycle webpack-playground@1.0.0~dev: unsafe-perm in lifecycle true
9 verbose lifecycle webpack-playground@1.0.0~dev: PATH: /usr/local/lib/node_modules/npm/bin/node-gyp-bin:/Users/paulkelly/code/webpack-playground/node_modules/.bin:/Users/paulkelly/homebrew/Cellar/node/12.10.0/bin:/Library/Java/JavaVirtualMachines/jdk1.8.0_31.jdk/Contents/Home/bin:/usr/local/bin:/usr/bin:/bin:/usr/sbin:/sbin:.:/Users/paulkelly/.rvm/bin:/Users/paulkelly/.rvm/rubies/ruby-2.1.1/bin/compass:/Applications/Postgres.app/Contents/Versions/9.3/bin:/Users/paulkelly/bin:/Users/paulkelly/homebrew/bin:/bin:/bin
10 verbose lifecycle webpack-playground@1.0.0~dev: CWD: /Users/paulkelly/code/webpack-playground
11 silly lifecycle webpack-playground@1.0.0~dev: Args: [ '-c', 'webpack --mode development' ]
12 silly lifecycle webpack-playground@1.0.0~dev: Returned: code: 2  signal: null
13 info lifecycle webpack-playground@1.0.0~dev: Failed to exec dev script
14 verbose stack Error: webpack-playground@1.0.0 dev: `webpack --mode development`
14 verbose stack Exit status 2
14 verbose stack     at EventEmitter.<anonymous> (/usr/local/lib/node_modules/npm/lib/utils/lifecycle.js:255:16)
14 verbose stack     at EventEmitter.emit (events.js:209:13)
14 verbose stack     at ChildProcess.<anonymous> (/usr/local/lib/node_modules/npm/lib/utils/spawn.js:40:14)
14 verbose stack     at ChildProcess.emit (events.js:209:13)
14 verbose stack     at maybeClose (internal/child_process.js:1021:16)
14 verbose stack     at Process.ChildProcess._handle.onexit (internal/child_process.js:283:5)
15 verbose pkgid webpack-playground@1.0.0
16 verbose cwd /Users/paulkelly/code/webpack-playground
17 error Darwin 17.5.0
18 error argv "/Users/paulkelly/homebrew/Cellar/node/12.10.0/bin/node" "/usr/local/bin/npm" "run" "dev"
19 error node v12.10.0
20 error npm  v3.10.10
21 error code ELIFECYCLE
22 error webpack-playground@1.0.0 dev: `webpack --mode development`
22 error Exit status 2
23 error Failed at the webpack-playground@1.0.0 dev script 'webpack --mode development'.
23 error Make sure you have the latest version of node.js and npm installed.
23 error If you do, this is most likely a problem with the webpack-playground package,
23 error not with npm itself.
23 error Tell the author that this fails on your system:
23 error     webpack --mode development
23 error You can get information on how to open an issue for this project with:
23 error     npm bugs webpack-playground
23 error Or if that isn't available, you can get their info via:
23 error     npm owner ls webpack-playground
23 error There is likely additional logging output above.
24 verbose exit [ 1, true ]
